<?xml version="1.0" encoding="UTF-8"?>
<!-- Generated by org.testng.reporters.JUnitReportReporter -->
<testsuite hostname="DESKTOP-0QEN6VG" failures="0" tests="2" name="testngtestui.logintestng" time="0.016" errors="0" timestamp="2022-04-21T11:42:27 IST" skipped="0">
  <testcase classname="testngtestui.logintestng" name="firsttesting" time="0.014"/>
  <system-out/>
  <testcase classname="testngtestui.logintestng" name="secondtesting" time="0.002"/>
  <system-out/>
</testsuite> <!-- testngtestui.logintestng -->
