<?xml version="1.0" encoding="UTF-8"?>
<!-- Generated by org.testng.reporters.JUnitReportReporter -->
<testsuite hostname="DESKTOP-0QEN6VG" failures="0" tests="1" name="testngtestui.LoginTest" time="104.631" errors="0" timestamp="2022-05-02T10:29:26 IST" skipped="0">
  <testcase classname="testngtestui.LoginTest" name="test" time="104.631"/>
  <system-out/>
</testsuite> <!-- testngtestui.LoginTest -->
