<?xml version="1.0" encoding="UTF-8"?>
<!-- Generated by org.testng.reporters.JUnitReportReporter -->
<testsuite hostname="DESKTOP-0QEN6VG" failures="0" tests="3" name="testngtestui.reports" time="0.049" errors="0" timestamp="2022-05-05T10:26:36 IST" skipped="0">
  <testcase classname="testngtestui.reports" name="first" time="0.034"/>
  <system-out>
    <![CDATA[<a href="E:\selenium\ecplise_workspace\testngtesting\screenshot\Mon-May-02-12-08-20-IST-2022.jpg">screenshot</a>]]>
  </system-out>
  <testcase classname="testngtestui.reports" name="third" time="0.008"/>
  <system-out>
    <![CDATA[test 3, regression and bvt ]]>
  </system-out>
  <testcase classname="testngtestui.reports" name="second" time="0.007"/>
  <system-out/>
</testsuite> <!-- testngtestui.reports -->
