<?xml version="1.0" encoding="UTF-8"?>
<!-- Generated by org.testng.reporters.JUnitReportReporter -->
<testsuite hostname="DESKTOP-0QEN6VG" failures="0" tests="4" name="testngtestui.dataProviderDemoTest" time="0.034" errors="0" timestamp="2022-04-26T12:32:38 IST" skipped="0">
  <testcase classname="testngtestui.dataProviderDemoTest" name="test" time="0.008"/>
  <system-out/>
  <testcase classname="testngtestui.dataProviderDemoTest" name="test" time="0.005"/>
  <system-out/>
  <testcase classname="testngtestui.dataProviderDemoTest" name="test" time="0.009"/>
  <system-out/>
  <testcase classname="testngtestui.dataProviderDemoTest" name="test" time="0.012"/>
  <system-out/>
</testsuite> <!-- testngtestui.dataProviderDemoTest -->
